Build started 2013-03-25 10:57:29.
Project "C:\Documents and Settings\student\Pulpit\SPD3\SPD3\SPD3.vcxproj" on node 2 (build target(s)).
InitializeBuildStatus:
  Creating "Debug\SPD3.unsuccessfulbuild" because "AlwaysCreate" was specified.
ClCompile:
  All outputs are up-to-date.
  C:\Program Files\Microsoft Visual Studio 10.0\VC\bin\CL.exe /c /ZI /nologo /W3 /WX- /Od /Oy- /D WIN32 /D _DEBUG /D _CONSOLE /D _UNICODE /D UNICODE /Gm /EHsc /RTC1 /MDd /GS /fp:precise /Zc:wchar_t /Zc:forScope /Yu"StdAfx.h" /Fp"Debug\SPD3.pch" /Fo"Debug\\" /Fd"Debug\vc100.pdb" /Gd /TP /analyze- /errorReport:prompt SPD3.cpp
  SPD3.cpp
c:\documents and settings\student\pulpit\spd3\spd3\spd3.cpp(19): warning C4018: '<' : signed/unsigned mismatch
c:\documents and settings\student\pulpit\spd3\spd3\spd3.cpp(23): warning C4018: '<' : signed/unsigned mismatch
c:\documents and settings\student\pulpit\spd3\spd3\spd3.cpp(24): warning C4018: '<' : signed/unsigned mismatch
c:\documents and settings\student\pulpit\spd3\spd3\spd3.cpp(34): warning C4018: '<' : signed/unsigned mismatch
c:\documents and settings\student\pulpit\spd3\spd3\spd3.cpp(37): warning C4018: '<' : signed/unsigned mismatch
ManifestResourceCompile:
  All outputs are up-to-date.
Link:
  C:\Program Files\Microsoft Visual Studio 10.0\VC\bin\link.exe /ERRORREPORT:PROMPT /OUT:"C:\Documents and Settings\student\Pulpit\SPD3\Debug\SPD3.exe" /INCREMENTAL /NOLOGO kernel32.lib user32.lib gdi32.lib winspool.lib comdlg32.lib advapi32.lib shell32.lib ole32.lib oleaut32.lib uuid.lib odbc32.lib odbccp32.lib /MANIFEST /ManifestFile:"Debug\SPD3.exe.intermediate.manifest" /MANIFESTUAC:"level='asInvoker' uiAccess='false'" /DEBUG /PDB:"C:\Documents and Settings\student\Pulpit\SPD3\Debug\SPD3.pdb" /SUBSYSTEM:CONSOLE /TLBID:1 /DYNAMICBASE /NXCOMPAT /IMPLIB:"C:\Documents and Settings\student\Pulpit\SPD3\Debug\SPD3.lib" /MACHINE:X86 Debug\SPD3.exe.embed.manifest.res
  Debug\SPD3.obj
  Debug\stdafx.obj
Manifest:
  C:\Program Files\Microsoft SDKs\Windows\v7.0A\bin\mt.exe /nologo /verbose /out:"Debug\SPD3.exe.embed.manifest" /manifest Debug\SPD3.exe.intermediate.manifest
  All outputs are up-to-date.
LinkEmbedManifest:
  All outputs are up-to-date.
  SPD3.vcxproj -> C:\Documents and Settings\student\Pulpit\SPD3\Debug\SPD3.exe
FinalizeBuildStatus:
  Deleting file "Debug\SPD3.unsuccessfulbuild".
  Touching "Debug\SPD3.lastbuildstate".
Done Building Project "C:\Documents and Settings\student\Pulpit\SPD3\SPD3\SPD3.vcxproj" (build target(s)).

Build succeeded.

Time Elapsed 00:00:09.20
