C:\USERS\VATRAX\DOCUMENTS\GITHUB\OZI-REPO\SPD3\SPD3\DEBUG\SPD3.PCH
C:\USERS\VATRAX\DOCUMENTS\GITHUB\OZI-REPO\SPD3\SPD3\DEBUG\STDAFX.OBJ
C:\USERS\VATRAX\DOCUMENTS\GITHUB\OZI-REPO\SPD3\SPD3\DEBUG\VC110.PDB
C:\USERS\VATRAX\DOCUMENTS\GITHUB\OZI-REPO\SPD3\SPD3\DEBUG\SPD3.OBJ
C:\Users\Vatrax\Documents\GitHub\ozi-repo\SPD3\SPD3\Debug\SPD3.obj
C:\Users\Vatrax\Documents\GitHub\ozi-repo\SPD3\SPD3\Debug\stdafx.obj
C:\Users\Vatrax\Documents\GitHub\ozi-repo\SPD3\SPD3\Debug\cl.command.1.tlog
C:\Users\Vatrax\Documents\GitHub\ozi-repo\SPD3\SPD3\Debug\CL.read.1.tlog
C:\Users\Vatrax\Documents\GitHub\ozi-repo\SPD3\SPD3\Debug\CL.write.1.tlog
C:\Users\Vatrax\Documents\GitHub\ozi-repo\SPD3\SPD3\Debug\link-cvtres.read.1.tlog
C:\Users\Vatrax\Documents\GitHub\ozi-repo\SPD3\SPD3\Debug\link-cvtres.write.1.tlog
C:\Users\Vatrax\Documents\GitHub\ozi-repo\SPD3\SPD3\Debug\link-rc.read.1.tlog
C:\Users\Vatrax\Documents\GitHub\ozi-repo\SPD3\SPD3\Debug\link-rc.write.1.tlog
C:\Users\Vatrax\Documents\GitHub\ozi-repo\SPD3\SPD3\Debug\link.command.1.tlog
C:\Users\Vatrax\Documents\GitHub\ozi-repo\SPD3\SPD3\Debug\link.read.1.tlog
C:\Users\Vatrax\Documents\GitHub\ozi-repo\SPD3\SPD3\Debug\link.write.1.tlog
C:\Users\Vatrax\Documents\GitHub\ozi-repo\SPD3\SPD3\Debug\SPD3.pch
C:\Users\Vatrax\Documents\GitHub\ozi-repo\SPD3\SPD3\Debug\vc110.idb
C:\Users\Vatrax\Documents\GitHub\ozi-repo\SPD3\SPD3\Debug\vc110.pdb
C:\Users\Vatrax\Documents\GitHub\ozi-repo\SPD3\Debug\SPD3.pdb
C:\Users\Vatrax\Documents\GitHub\ozi-repo\SPD3\Debug\SPD3.ilk
